d:\generate_device_resource_pack_program\package_v2\package_v2\release\package_v2.pch
d:\generate_device_resource_pack_program\package_v2\package_v2\release\stdafx.obj
d:\generate_device_resource_pack_program\package_v2\package_v2\release\qrc_package_v2.obj
d:\generate_device_resource_pack_program\package_v2\package_v2\release\package_v2.obj
d:\generate_device_resource_pack_program\package_v2\package_v2\release\main.obj
d:\generate_device_resource_pack_program\package_v2\package_v2\release\moc_package_v2.obj
d:\generate_device_resource_pack_program\package_v2\package_v2\generatedfiles\ui_package_v2.h
d:\generate_device_resource_pack_program\package_v2\package_v2\generatedfiles\qrc_package_v2.cpp
d:\generate_device_resource_pack_program\package_v2\package_v2\generatedfiles\release\moc_package_v2.cpp
d:\generate_device_resource_pack_program\package_v2\win32\release\package_v2.exe
d:\generate_device_resource_pack_program\package_v2\package_v2\release\package_v2.res
d:\generate_device_resource_pack_program\package_v2\package_v2\release\package_v2.tlog\cl.command.1.tlog
d:\generate_device_resource_pack_program\package_v2\package_v2\release\package_v2.tlog\cl.read.1.tlog
d:\generate_device_resource_pack_program\package_v2\package_v2\release\package_v2.tlog\cl.write.1.tlog
d:\generate_device_resource_pack_program\package_v2\package_v2\release\package_v2.tlog\custombuild.command.1.tlog
d:\generate_device_resource_pack_program\package_v2\package_v2\release\package_v2.tlog\custombuild.read.1.tlog
d:\generate_device_resource_pack_program\package_v2\package_v2\release\package_v2.tlog\custombuild.write.1.tlog
d:\generate_device_resource_pack_program\package_v2\package_v2\release\package_v2.tlog\link.command.1.tlog
d:\generate_device_resource_pack_program\package_v2\package_v2\release\package_v2.tlog\link.read.1.tlog
d:\generate_device_resource_pack_program\package_v2\package_v2\release\package_v2.tlog\link.write.1.tlog
d:\generate_device_resource_pack_program\package_v2\package_v2\release\package_v2.tlog\rc.command.1.tlog
d:\generate_device_resource_pack_program\package_v2\package_v2\release\package_v2.tlog\rc.read.1.tlog
d:\generate_device_resource_pack_program\package_v2\package_v2\release\package_v2.tlog\rc.write.1.tlog
